This is TeX, Version 3.141592 (Y&Y TeX 2.3.3.85 2008-06-21 13:32:05) (format=amstex 2000.2.24)  2012 JAN 1 14:52
**+amstex eqexam.ins
(C:/yandy/YANDYTEX/FMT/amstex.fmt)
(eqexam.ins
(17 fonts frozen in format file:
cmr10, cmr7, cmr5, cmmi10, cmmi7, cmmi5, cmsy10, 
cmsy7, cmsy5, cmex10, cmbx10, cmbx7, cmbx5, cmtt10, cmsl10, 
cmti10, dummy) 

AmS-TeX- Version 2.1
COPYRIGHT 1985, 1990, 1991 - AMERICAN MATHEMATICAL SOCIETY
Use of this macro package is not restricted provided
each use is acknowledged upon publication.

(C:/YANDY/TEXINPUT/docstrip.tex
Utility: `docstrip' 2.4h <1997/07/07>
English documentation    <1997/07/07>

**********************************************************
* This program converts documented macro-files into fast *
* loadable files by stripping off (nearly) all comments! *
**********************************************************

********************************************************
* No Configuration file found, using default settings. *
********************************************************

(eqexam.ins

Generating file(s) eqexam.sty eqalone.def eqtextb.def fortextbook.sty eqexam.dr
v 

Processing file eqexam.dtx (copyright,package) -> eqexam.sty
                           (copyright,standalone) -> eqalone.def
                           (copyright,textbook) -> eqtextb.def
                           (copyright,ftbsty) -> fortextbook.sty
                           (copyright,driver) -> eqexam.drv
File eqexam.dtx ended by \endinput.
Lines  processed: 5796
Comments removed: 2883
Comments  passed: 11
Codelines passed: 2879

***************************************************************
*
*  To finish the installation you have to copy the files 
*
*  *.sty, *.cfg and *.def into a directory searched by TeX
*
***************************************************************
) ) )
No pages of output.
